{"D:\\WD\\git\\assigment\\src\\Component\\TodoList.js": {"path":"D:\\WD\\git\\assigment\\src\\Component\\TodoList.js","statementMap":{"0":{"start":{"line":18,"column":16},"end":{"line":124,"column":1}},"1":{"start":{"line":22,"column":29},"end":{"line":22,"column":44}},"2":{"start":{"line":23,"column":35},"end":{"line":23,"column":56}},"3":{"start":{"line":24,"column":36},"end":{"line":24,"column":50}},"4":{"start":{"line":26,"column":24},"end":{"line":28,"column":7}},"5":{"start":{"line":27,"column":8},"end":{"line":27,"column":41}},"6":{"start":{"line":29,"column":26},"end":{"line":33,"column":7}},"7":{"start":{"line":30,"column":10},"end":{"line":30,"column":46}},"8":{"start":{"line":30,"column":30},"end":{"line":30,"column":45}},"9":{"start":{"line":31,"column":10},"end":{"line":31,"column":47}},"10":{"start":{"line":31,"column":31},"end":{"line":31,"column":46}},"11":{"start":{"line":32,"column":8},"end":{"line":32,"column":26}},"12":{"start":{"line":34,"column":31},"end":{"line":37,"column":5}},"13":{"start":{"line":35,"column":8},"end":{"line":35,"column":27}},"14":{"start":{"line":36,"column":8},"end":{"line":36,"column":43}},"15":{"start":{"line":38,"column":29},"end":{"line":41,"column":5}},"16":{"start":{"line":39,"column":8},"end":{"line":39,"column":24}},"17":{"start":{"line":40,"column":8},"end":{"line":40,"column":54}},"18":{"start":{"line":43,"column":26},"end":{"line":54,"column":5}},"19":{"start":{"line":44,"column":8},"end":{"line":53,"column":10}},"20":{"start":{"line":49,"column":30},"end":{"line":49,"column":62}},"21":{"start":{"line":55,"column":15},"end":{"line":64,"column":3}},"22":{"start":{"line":65,"column":4},"end":{"line":123,"column":10}},"23":{"start":{"line":68,"column":11},"end":{"line":119,"column":18}},"24":{"start":{"line":75,"column":18},"end":{"line":115,"column":21}},"25":{"start":{"line":81,"column":46},"end":{"line":81,"column":62}},"26":{"start":{"line":101,"column":38},"end":{"line":101,"column":57}},"27":{"start":{"line":102,"column":38},"end":{"line":102,"column":59}},"28":{"start":{"line":111,"column":15},"end":{"line":111,"column":112}},"29":{"start":{"line":125,"column":27},"end":{"line":131,"column":3}},"30":{"start":{"line":126,"column":4},"end":{"line":130,"column":5}},"31":{"start":{"line":127,"column":46},"end":{"line":127,"column":94}},"32":{"start":{"line":128,"column":30},"end":{"line":128,"column":65}}},"fnMap":{"0":{"name":"(anonymous_0)","decl":{"start":{"line":18,"column":16},"end":{"line":18,"column":17}},"loc":{"start":{"line":18,"column":25},"end":{"line":124,"column":1}},"line":18},"1":{"name":"(anonymous_1)","decl":{"start":{"line":26,"column":24},"end":{"line":26,"column":25}},"loc":{"start":{"line":26,"column":35},"end":{"line":28,"column":7}},"line":26},"2":{"name":"(anonymous_2)","decl":{"start":{"line":29,"column":26},"end":{"line":29,"column":27}},"loc":{"start":{"line":29,"column":36},"end":{"line":33,"column":7}},"line":29},"3":{"name":"(anonymous_3)","decl":{"start":{"line":34,"column":31},"end":{"line":34,"column":32}},"loc":{"start":{"line":34,"column":37},"end":{"line":37,"column":5}},"line":34},"4":{"name":"(anonymous_4)","decl":{"start":{"line":38,"column":29},"end":{"line":38,"column":30}},"loc":{"start":{"line":38,"column":35},"end":{"line":41,"column":5}},"line":38},"5":{"name":"(anonymous_5)","decl":{"start":{"line":43,"column":26},"end":{"line":43,"column":27}},"loc":{"start":{"line":43,"column":31},"end":{"line":54,"column":5}},"line":43},"6":{"name":"(anonymous_6)","decl":{"start":{"line":49,"column":25},"end":{"line":49,"column":26}},"loc":{"start":{"line":49,"column":30},"end":{"line":49,"column":62}},"line":49},"7":{"name":"(anonymous_7)","decl":{"start":{"line":51,"column":24},"end":{"line":51,"column":25}},"loc":{"start":{"line":51,"column":29},"end":{"line":51,"column":31}},"line":51},"8":{"name":"(anonymous_8)","decl":{"start":{"line":67,"column":9},"end":{"line":67,"column":10}},"loc":{"start":{"line":68,"column":11},"end":{"line":119,"column":18}},"line":68},"9":{"name":"(anonymous_9)","decl":{"start":{"line":74,"column":13},"end":{"line":74,"column":14}},"loc":{"start":{"line":75,"column":18},"end":{"line":115,"column":21}},"line":75},"10":{"name":"(anonymous_10)","decl":{"start":{"line":81,"column":40},"end":{"line":81,"column":41}},"loc":{"start":{"line":81,"column":46},"end":{"line":81,"column":62}},"line":81},"11":{"name":"(anonymous_11)","decl":{"start":{"line":101,"column":34},"end":{"line":101,"column":35}},"loc":{"start":{"line":101,"column":38},"end":{"line":101,"column":57}},"line":101},"12":{"name":"(anonymous_12)","decl":{"start":{"line":102,"column":34},"end":{"line":102,"column":35}},"loc":{"start":{"line":102,"column":38},"end":{"line":102,"column":59}},"line":102},"13":{"name":"(anonymous_13)","decl":{"start":{"line":110,"column":35},"end":{"line":110,"column":36}},"loc":{"start":{"line":111,"column":15},"end":{"line":111,"column":112}},"line":111},"14":{"name":"(anonymous_14)","decl":{"start":{"line":125,"column":27},"end":{"line":125,"column":28}},"loc":{"start":{"line":125,"column":38},"end":{"line":131,"column":3}},"line":125},"15":{"name":"(anonymous_15)","decl":{"start":{"line":127,"column":24},"end":{"line":127,"column":25}},"loc":{"start":{"line":127,"column":46},"end":{"line":127,"column":94}},"line":127},"16":{"name":"(anonymous_16)","decl":{"start":{"line":128,"column":20},"end":{"line":128,"column":21}},"loc":{"start":{"line":128,"column":30},"end":{"line":128,"column":65}},"line":128}},"branchMap":{"0":{"loc":{"start":{"line":30,"column":10},"end":{"line":30,"column":46}},"type":"if","locations":[{"start":{"line":30,"column":10},"end":{"line":30,"column":46}},{"start":{"line":30,"column":10},"end":{"line":30,"column":46}}],"line":30},"1":{"loc":{"start":{"line":31,"column":10},"end":{"line":31,"column":47}},"type":"if","locations":[{"start":{"line":31,"column":10},"end":{"line":31,"column":47}},{"start":{"line":31,"column":10},"end":{"line":31,"column":47}}],"line":31},"2":{"loc":{"start":{"line":77,"column":20},"end":{"line":105,"column":26}},"type":"cond-expr","locations":[{"start":{"line":79,"column":27},"end":{"line":82,"column":34}},{"start":{"line":85,"column":19},"end":{"line":105,"column":26}}],"line":77}},"s":{"0":0,"1":0,"2":0,"3":0,"4":0,"5":0,"6":0,"7":0,"8":0,"9":0,"10":0,"11":0,"12":0,"13":0,"14":0,"15":0,"16":0,"17":0,"18":0,"19":0,"20":0,"21":0,"22":0,"23":0,"24":0,"25":0,"26":0,"27":0,"28":0,"29":0,"30":0,"31":0,"32":0},"f":{"0":0,"1":0,"2":0,"3":0,"4":0,"5":0,"6":0,"7":0,"8":0,"9":0,"10":0,"11":0,"12":0,"13":0,"14":0,"15":0,"16":0},"b":{"0":[0,0],"1":[0,0],"2":[0,0]}}
,"D:\\WD\\git\\assigment\\src\\Component\\TodoListItem.js": {"path":"D:\\WD\\git\\assigment\\src\\Component\\TodoListItem.js","statementMap":{"0":{"start":{"line":17,"column":21},"end":{"line":81,"column":1}},"1":{"start":{"line":20,"column":29},"end":{"line":20,"column":44}},"2":{"start":{"line":21,"column":33},"end":{"line":21,"column":53}},"3":{"start":{"line":23,"column":30},"end":{"line":26,"column":5}},"4":{"start":{"line":24,"column":8},"end":{"line":24,"column":27}},"5":{"start":{"line":25,"column":8},"end":{"line":25,"column":42}},"6":{"start":{"line":27,"column":29},"end":{"line":30,"column":5}},"7":{"start":{"line":28,"column":8},"end":{"line":28,"column":24}},"8":{"start":{"line":29,"column":8},"end":{"line":29,"column":64}},"9":{"start":{"line":33,"column":26},"end":{"line":44,"column":5}},"10":{"start":{"line":34,"column":8},"end":{"line":43,"column":10}},"11":{"start":{"line":39,"column":30},"end":{"line":39,"column":75}},"12":{"start":{"line":45,"column":25},"end":{"line":48,"column":5}},"13":{"start":{"line":51,"column":4},"end":{"line":80,"column":10}},"14":{"start":{"line":54,"column":18},"end":{"line":76,"column":24}},"15":{"start":{"line":59,"column":65},"end":{"line":59,"column":81}},"16":{"start":{"line":66,"column":36},"end":{"line":66,"column":51}},"17":{"start":{"line":67,"column":62},"end":{"line":67,"column":77}},"18":{"start":{"line":83,"column":27},"end":{"line":88,"column":3}},"19":{"start":{"line":84,"column":4},"end":{"line":87,"column":5}},"20":{"start":{"line":85,"column":47},"end":{"line":85,"column":96}},"21":{"start":{"line":86,"column":39},"end":{"line":86,"column":81}}},"fnMap":{"0":{"name":"(anonymous_0)","decl":{"start":{"line":17,"column":21},"end":{"line":17,"column":22}},"loc":{"start":{"line":17,"column":30},"end":{"line":81,"column":1}},"line":17},"1":{"name":"(anonymous_1)","decl":{"start":{"line":23,"column":30},"end":{"line":23,"column":31}},"loc":{"start":{"line":23,"column":36},"end":{"line":26,"column":5}},"line":23},"2":{"name":"(anonymous_2)","decl":{"start":{"line":27,"column":29},"end":{"line":27,"column":30}},"loc":{"start":{"line":27,"column":35},"end":{"line":30,"column":5}},"line":27},"3":{"name":"(anonymous_3)","decl":{"start":{"line":33,"column":26},"end":{"line":33,"column":27}},"loc":{"start":{"line":33,"column":31},"end":{"line":44,"column":5}},"line":33},"4":{"name":"(anonymous_4)","decl":{"start":{"line":39,"column":25},"end":{"line":39,"column":26}},"loc":{"start":{"line":39,"column":30},"end":{"line":39,"column":75}},"line":39},"5":{"name":"(anonymous_5)","decl":{"start":{"line":41,"column":24},"end":{"line":41,"column":25}},"loc":{"start":{"line":41,"column":29},"end":{"line":41,"column":31}},"line":41},"6":{"name":"(anonymous_6)","decl":{"start":{"line":53,"column":11},"end":{"line":53,"column":12}},"loc":{"start":{"line":54,"column":18},"end":{"line":76,"column":24}},"line":54},"7":{"name":"(anonymous_7)","decl":{"start":{"line":59,"column":59},"end":{"line":59,"column":60}},"loc":{"start":{"line":59,"column":65},"end":{"line":59,"column":81}},"line":59},"8":{"name":"(anonymous_8)","decl":{"start":{"line":66,"column":30},"end":{"line":66,"column":31}},"loc":{"start":{"line":66,"column":36},"end":{"line":66,"column":51}},"line":66},"9":{"name":"(anonymous_9)","decl":{"start":{"line":67,"column":56},"end":{"line":67,"column":57}},"loc":{"start":{"line":67,"column":62},"end":{"line":67,"column":77}},"line":67},"10":{"name":"(anonymous_10)","decl":{"start":{"line":83,"column":27},"end":{"line":83,"column":28}},"loc":{"start":{"line":83,"column":38},"end":{"line":88,"column":3}},"line":83},"11":{"name":"(anonymous_11)","decl":{"start":{"line":85,"column":23},"end":{"line":85,"column":24}},"loc":{"start":{"line":85,"column":47},"end":{"line":85,"column":96}},"line":85},"12":{"name":"(anonymous_12)","decl":{"start":{"line":86,"column":21},"end":{"line":86,"column":22}},"loc":{"start":{"line":86,"column":39},"end":{"line":86,"column":81}},"line":86}},"branchMap":{"0":{"loc":{"start":{"line":58,"column":26},"end":{"line":72,"column":17}},"type":"cond-expr","locations":[{"start":{"line":59,"column":17},"end":{"line":61,"column":20}},{"start":{"line":63,"column":15},"end":{"line":72,"column":17}}],"line":58}},"s":{"0":0,"1":0,"2":0,"3":0,"4":0,"5":0,"6":0,"7":0,"8":0,"9":0,"10":0,"11":0,"12":0,"13":0,"14":0,"15":0,"16":0,"17":0,"18":0,"19":0,"20":0,"21":0},"f":{"0":0,"1":0,"2":0,"3":0,"4":0,"5":0,"6":0,"7":0,"8":0,"9":0,"10":0,"11":0,"12":0},"b":{"0":[0,0]}}
,"D:\\WD\\git\\assigment\\src\\Component\\UI\\AddButton\\AddButton.js": {"path":"D:\\WD\\git\\assigment\\src\\Component\\UI\\AddButton\\AddButton.js","statementMap":{"0":{"start":{"line":9,"column":9},"end":{"line":12,"column":3}},"1":{"start":{"line":14,"column":20},"end":{"line":22,"column":5}},"2":{"start":{"line":15,"column":8},"end":{"line":19,"column":9}},"3":{"start":{"line":16,"column":10},"end":{"line":16,"column":53}},"4":{"start":{"line":23,"column":22},"end":{"line":32,"column":5}},"5":{"start":{"line":24,"column":8},"end":{"line":29,"column":9}},"6":{"start":{"line":25,"column":10},"end":{"line":26,"column":44}},"7":{"start":{"line":33,"column":20},"end":{"line":47,"column":5}},"8":{"start":{"line":34,"column":6},"end":{"line":39,"column":5}},"9":{"start":{"line":36,"column":19},"end":{"line":36,"column":40}},"10":{"start":{"line":37,"column":6},"end":{"line":37,"column":30}},"11":{"start":{"line":38,"column":6},"end":{"line":38,"column":36}},"12":{"start":{"line":40,"column":4},"end":{"line":45,"column":4}},"13":{"start":{"line":41,"column":6},"end":{"line":43,"column":7}},"14":{"start":{"line":46,"column":4},"end":{"line":46,"column":10}},"15":{"start":{"line":49,"column":20},"end":{"line":64,"column":5}},"16":{"start":{"line":50,"column":6},"end":{"line":55,"column":6}},"17":{"start":{"line":52,"column":20},"end":{"line":52,"column":41}},"18":{"start":{"line":53,"column":7},"end":{"line":53,"column":31}},"19":{"start":{"line":54,"column":7},"end":{"line":54,"column":55}},"20":{"start":{"line":56,"column":5},"end":{"line":61,"column":6}},"21":{"start":{"line":57,"column":8},"end":{"line":59,"column":9}},"22":{"start":{"line":63,"column":5},"end":{"line":63,"column":11}},"23":{"start":{"line":67,"column":27},"end":{"line":67,"column":77}},"24":{"start":{"line":68,"column":27},"end":{"line":68,"column":81}},"25":{"start":{"line":69,"column":21},"end":{"line":81,"column":9}},"26":{"start":{"line":82,"column":27},"end":{"line":89,"column":10}},"27":{"start":{"line":90,"column":9},"end":{"line":90,"column":96}},"28":{"start":{"line":90,"column":29},"end":{"line":90,"column":96}},"29":{"start":{"line":91,"column":4},"end":{"line":108,"column":5}},"30":{"start":{"line":99,"column":57},"end":{"line":99,"column":79}},"31":{"start":{"line":99,"column":85},"end":{"line":99,"column":107}},"32":{"start":{"line":112,"column":27},"end":{"line":117,"column":1}},"33":{"start":{"line":113,"column":2},"end":{"line":116,"column":3}},"34":{"start":{"line":114,"column":30},"end":{"line":114,"column":61}},"35":{"start":{"line":115,"column":38},"end":{"line":115,"column":77}}},"fnMap":{"0":{"name":"(anonymous_0)","decl":{"start":{"line":14,"column":20},"end":{"line":14,"column":21}},"loc":{"start":{"line":14,"column":24},"end":{"line":22,"column":5}},"line":14},"1":{"name":"(anonymous_1)","decl":{"start":{"line":15,"column":22},"end":{"line":15,"column":23}},"loc":{"start":{"line":15,"column":34},"end":{"line":17,"column":9}},"line":15},"2":{"name":"(anonymous_2)","decl":{"start":{"line":23,"column":22},"end":{"line":23,"column":23}},"loc":{"start":{"line":23,"column":26},"end":{"line":32,"column":5}},"line":23},"3":{"name":"(anonymous_3)","decl":{"start":{"line":24,"column":22},"end":{"line":24,"column":23}},"loc":{"start":{"line":24,"column":34},"end":{"line":27,"column":9}},"line":24},"4":{"name":"(anonymous_4)","decl":{"start":{"line":33,"column":20},"end":{"line":33,"column":21}},"loc":{"start":{"line":33,"column":26},"end":{"line":47,"column":5}},"line":33},"5":{"name":"(anonymous_5)","decl":{"start":{"line":49,"column":20},"end":{"line":49,"column":21}},"loc":{"start":{"line":49,"column":26},"end":{"line":64,"column":5}},"line":49},"6":{"name":"(anonymous_6)","decl":{"start":{"line":66,"column":4},"end":{"line":66,"column":5}},"loc":{"start":{"line":66,"column":12},"end":{"line":109,"column":1}},"line":66},"7":{"name":"(anonymous_7)","decl":{"start":{"line":99,"column":52},"end":{"line":99,"column":53}},"loc":{"start":{"line":99,"column":57},"end":{"line":99,"column":79}},"line":99},"8":{"name":"(anonymous_8)","decl":{"start":{"line":99,"column":80},"end":{"line":99,"column":81}},"loc":{"start":{"line":99,"column":85},"end":{"line":99,"column":107}},"line":99},"9":{"name":"(anonymous_9)","decl":{"start":{"line":112,"column":27},"end":{"line":112,"column":28}},"loc":{"start":{"line":112,"column":38},"end":{"line":117,"column":1}},"line":112},"10":{"name":"(anonymous_10)","decl":{"start":{"line":114,"column":20},"end":{"line":114,"column":21}},"loc":{"start":{"line":114,"column":30},"end":{"line":114,"column":61}},"line":114},"11":{"name":"(anonymous_11)","decl":{"start":{"line":115,"column":20},"end":{"line":115,"column":21}},"loc":{"start":{"line":115,"column":38},"end":{"line":115,"column":77}},"line":115}},"branchMap":{"0":{"loc":{"start":{"line":34,"column":6},"end":{"line":39,"column":5}},"type":"if","locations":[{"start":{"line":34,"column":6},"end":{"line":39,"column":5}},{"start":{"line":34,"column":6},"end":{"line":39,"column":5}}],"line":34},"1":{"loc":{"start":{"line":34,"column":9},"end":{"line":34,"column":56}},"type":"binary-expr","locations":[{"start":{"line":34,"column":9},"end":{"line":34,"column":24}},{"start":{"line":34,"column":28},"end":{"line":34,"column":56}}],"line":34},"2":{"loc":{"start":{"line":40,"column":4},"end":{"line":45,"column":4}},"type":"if","locations":[{"start":{"line":40,"column":4},"end":{"line":45,"column":4}},{"start":{"line":40,"column":4},"end":{"line":45,"column":4}}],"line":40},"3":{"loc":{"start":{"line":40,"column":7},"end":{"line":40,"column":54}},"type":"binary-expr","locations":[{"start":{"line":40,"column":7},"end":{"line":40,"column":22}},{"start":{"line":40,"column":26},"end":{"line":40,"column":54}}],"line":40},"4":{"loc":{"start":{"line":50,"column":6},"end":{"line":55,"column":6}},"type":"if","locations":[{"start":{"line":50,"column":6},"end":{"line":55,"column":6}},{"start":{"line":50,"column":6},"end":{"line":55,"column":6}}],"line":50},"5":{"loc":{"start":{"line":50,"column":9},"end":{"line":50,"column":56}},"type":"binary-expr","locations":[{"start":{"line":50,"column":9},"end":{"line":50,"column":24}},{"start":{"line":50,"column":28},"end":{"line":50,"column":56}}],"line":50},"6":{"loc":{"start":{"line":56,"column":5},"end":{"line":61,"column":6}},"type":"if","locations":[{"start":{"line":56,"column":5},"end":{"line":61,"column":6}},{"start":{"line":56,"column":5},"end":{"line":61,"column":6}}],"line":56},"7":{"loc":{"start":{"line":56,"column":8},"end":{"line":56,"column":55}},"type":"binary-expr","locations":[{"start":{"line":56,"column":8},"end":{"line":56,"column":23}},{"start":{"line":56,"column":27},"end":{"line":56,"column":55}}],"line":56},"8":{"loc":{"start":{"line":67,"column":27},"end":{"line":67,"column":77}},"type":"cond-expr","locations":[{"start":{"line":67,"column":44},"end":{"line":67,"column":62}},{"start":{"line":67,"column":65},"end":{"line":67,"column":77}}],"line":67},"9":{"loc":{"start":{"line":68,"column":27},"end":{"line":68,"column":81}},"type":"cond-expr","locations":[{"start":{"line":68,"column":44},"end":{"line":68,"column":61}},{"start":{"line":68,"column":64},"end":{"line":68,"column":81}}],"line":68},"10":{"loc":{"start":{"line":90,"column":9},"end":{"line":90,"column":96}},"type":"if","locations":[{"start":{"line":90,"column":9},"end":{"line":90,"column":96}},{"start":{"line":90,"column":9},"end":{"line":90,"column":96}}],"line":90},"11":{"loc":{"start":{"line":92,"column":6},"end":{"line":107,"column":14}},"type":"cond-expr","locations":[{"start":{"line":93,"column":12},"end":{"line":103,"column":18}},{"start":{"line":104,"column":2},"end":{"line":107,"column":14}}],"line":92},"12":{"loc":{"start":{"line":99,"column":35},"end":{"line":99,"column":107}},"type":"cond-expr","locations":[{"start":{"line":99,"column":52},"end":{"line":99,"column":79}},{"start":{"line":99,"column":80},"end":{"line":99,"column":107}}],"line":99},"13":{"loc":{"start":{"line":101,"column":21},"end":{"line":101,"column":126}},"type":"cond-expr","locations":[{"start":{"line":101,"column":49},"end":{"line":101,"column":120}},{"start":{"line":101,"column":122},"end":{"line":101,"column":126}}],"line":101}},"s":{"0":0,"1":0,"2":0,"3":0,"4":0,"5":0,"6":0,"7":0,"8":0,"9":0,"10":0,"11":0,"12":0,"13":0,"14":0,"15":0,"16":0,"17":0,"18":0,"19":0,"20":0,"21":0,"22":0,"23":0,"24":0,"25":0,"26":0,"27":0,"28":0,"29":0,"30":0,"31":0,"32":0,"33":0,"34":0,"35":0},"f":{"0":0,"1":0,"2":0,"3":0,"4":0,"5":0,"6":0,"7":0,"8":0,"9":0,"10":0,"11":0},"b":{"0":[0,0],"1":[0,0],"2":[0,0],"3":[0,0],"4":[0,0],"5":[0,0],"6":[0,0],"7":[0,0],"8":[0,0],"9":[0,0],"10":[0,0],"11":[0,0],"12":[0,0],"13":[0,0]}}
,"D:\\WD\\git\\assigment\\src\\Store\\Reducer\\todoList.js": {"path":"D:\\WD\\git\\assigment\\src\\Store\\Reducer\\todoList.js","statementMap":{"0":{"start":{"line":3,"column":20},"end":{"line":32,"column":1}},"1":{"start":{"line":34,"column":18},"end":{"line":45,"column":1}},"2":{"start":{"line":35,"column":19},"end":{"line":43,"column":5}},"3":{"start":{"line":36,"column":7},"end":{"line":41,"column":8}},"4":{"start":{"line":37,"column":11},"end":{"line":40,"column":12}},"5":{"start":{"line":42,"column":7},"end":{"line":42,"column":18}},"6":{"start":{"line":44,"column":3},"end":{"line":44,"column":21}},"7":{"start":{"line":46,"column":18},"end":{"line":52,"column":1}},"8":{"start":{"line":47,"column":24},"end":{"line":47,"column":37}},"9":{"start":{"line":48,"column":15},"end":{"line":48,"column":65}},"10":{"start":{"line":48,"column":46},"end":{"line":48,"column":63}},"11":{"start":{"line":49,"column":4},"end":{"line":49,"column":31}},"12":{"start":{"line":50,"column":4},"end":{"line":50,"column":28}},"13":{"start":{"line":51,"column":4},"end":{"line":51,"column":22}},"14":{"start":{"line":53,"column":16},"end":{"line":263,"column":1}},"15":{"start":{"line":55,"column":4},"end":{"line":262,"column":5}},"16":{"start":{"line":58,"column":12},"end":{"line":69,"column":13}},"17":{"start":{"line":59,"column":34},"end":{"line":64,"column":17}},"18":{"start":{"line":66,"column":16},"end":{"line":68,"column":37}},"19":{"start":{"line":70,"column":16},"end":{"line":90,"column":13}},"20":{"start":{"line":70,"column":46},"end":{"line":70,"column":70}},"21":{"start":{"line":71,"column":31},"end":{"line":76,"column":13}},"22":{"start":{"line":78,"column":12},"end":{"line":83,"column":31}},"23":{"start":{"line":86,"column":16},"end":{"line":89,"column":17}},"24":{"start":{"line":95,"column":25},"end":{"line":95,"column":44}},"25":{"start":{"line":96,"column":15},"end":{"line":96,"column":17}},"26":{"start":{"line":97,"column":8},"end":{"line":97,"column":62}},"27":{"start":{"line":97,"column":26},"end":{"line":97,"column":60}},"28":{"start":{"line":97,"column":49},"end":{"line":97,"column":58}},"29":{"start":{"line":99,"column":8},"end":{"line":129,"column":17}},"30":{"start":{"line":99,"column":25},"end":{"line":99,"column":46}},"31":{"start":{"line":101,"column":30},"end":{"line":101,"column":55}},"32":{"start":{"line":101,"column":44},"end":{"line":101,"column":54}},"33":{"start":{"line":102,"column":8},"end":{"line":102,"column":32}},"34":{"start":{"line":103,"column":43},"end":{"line":106,"column":25}},"35":{"start":{"line":107,"column":30},"end":{"line":119,"column":22}},"36":{"start":{"line":108,"column":24},"end":{"line":117,"column":25}},"37":{"start":{"line":109,"column":28},"end":{"line":116,"column":29}},"38":{"start":{"line":118,"column":24},"end":{"line":118,"column":35}},"39":{"start":{"line":120,"column":20},"end":{"line":122,"column":21}},"40":{"start":{"line":125,"column":20},"end":{"line":128,"column":21}},"41":{"start":{"line":139,"column":12},"end":{"line":160,"column":21}},"42":{"start":{"line":139,"column":42},"end":{"line":139,"column":66}},"43":{"start":{"line":140,"column":46},"end":{"line":149,"column":26}},"44":{"start":{"line":141,"column":28},"end":{"line":147,"column":29}},"45":{"start":{"line":142,"column":32},"end":{"line":146,"column":33}},"46":{"start":{"line":148,"column":28},"end":{"line":148,"column":39}},"47":{"start":{"line":150,"column":24},"end":{"line":153,"column":25}},"48":{"start":{"line":156,"column":24},"end":{"line":159,"column":25}},"49":{"start":{"line":163,"column":51},"end":{"line":163,"column":70}},"50":{"start":{"line":164,"column":39},"end":{"line":164,"column":101}},"51":{"start":{"line":164,"column":75},"end":{"line":164,"column":99}},"52":{"start":{"line":165,"column":28},"end":{"line":165,"column":60}},"53":{"start":{"line":166,"column":28},"end":{"line":166,"column":57}},"54":{"start":{"line":167,"column":28},"end":{"line":170,"column":29}},"55":{"start":{"line":173,"column":26},"end":{"line":173,"column":45}},"56":{"start":{"line":174,"column":15},"end":{"line":174,"column":17}},"57":{"start":{"line":175,"column":8},"end":{"line":175,"column":63}},"58":{"start":{"line":175,"column":27},"end":{"line":175,"column":61}},"59":{"start":{"line":175,"column":50},"end":{"line":175,"column":59}},"60":{"start":{"line":177,"column":8},"end":{"line":199,"column":25}},"61":{"start":{"line":177,"column":25},"end":{"line":177,"column":46}},"62":{"start":{"line":178,"column":31},"end":{"line":178,"column":50}},"63":{"start":{"line":179,"column":38},"end":{"line":188,"column":30}},"64":{"start":{"line":180,"column":36},"end":{"line":186,"column":37}},"65":{"start":{"line":181,"column":58},"end":{"line":181,"column":71}},"66":{"start":{"line":182,"column":56},"end":{"line":182,"column":107}},"67":{"start":{"line":183,"column":38},"end":{"line":185,"column":40}},"68":{"start":{"line":187,"column":36},"end":{"line":187,"column":47}},"69":{"start":{"line":189,"column":28},"end":{"line":192,"column":29}},"70":{"start":{"line":195,"column":28},"end":{"line":198,"column":29}},"71":{"start":{"line":202,"column":34},"end":{"line":202,"column":53}},"72":{"start":{"line":203,"column":35},"end":{"line":212,"column":10}},"73":{"start":{"line":204,"column":16},"end":{"line":210,"column":17}},"74":{"start":{"line":205,"column":38},"end":{"line":205,"column":51}},"75":{"start":{"line":206,"column":36},"end":{"line":206,"column":87}},"76":{"start":{"line":207,"column":18},"end":{"line":209,"column":20}},"77":{"start":{"line":211,"column":16},"end":{"line":211,"column":27}},"78":{"start":{"line":214,"column":8},"end":{"line":217,"column":9}},"79":{"start":{"line":220,"column":40},"end":{"line":221,"column":60}},"80":{"start":{"line":224,"column":36},"end":{"line":231,"column":38}},"81":{"start":{"line":225,"column":37},"end":{"line":228,"column":38}},"82":{"start":{"line":230,"column":41},"end":{"line":230,"column":53}},"83":{"start":{"line":236,"column":28},"end":{"line":236,"column":47}},"84":{"start":{"line":237,"column":12},"end":{"line":241,"column":13}},"85":{"start":{"line":238,"column":29},"end":{"line":238,"column":87}},"86":{"start":{"line":239,"column":16},"end":{"line":239,"column":80}},"87":{"start":{"line":240,"column":16},"end":{"line":240,"column":51}},"88":{"start":{"line":242,"column":12},"end":{"line":248,"column":13}},"89":{"start":{"line":243,"column":29},"end":{"line":243,"column":93}},"90":{"start":{"line":243,"column":48},"end":{"line":243,"column":92}},"91":{"start":{"line":244,"column":33},"end":{"line":244,"column":83}},"92":{"start":{"line":245,"column":16},"end":{"line":245,"column":89}},"93":{"start":{"line":246,"column":16},"end":{"line":246,"column":37}},"94":{"start":{"line":247,"column":16},"end":{"line":247,"column":33}},"95":{"start":{"line":249,"column":12},"end":{"line":257,"column":13}},"96":{"start":{"line":250,"column":34},"end":{"line":250,"column":97}},"97":{"start":{"line":250,"column":52},"end":{"line":250,"column":96}},"98":{"start":{"line":252,"column":33},"end":{"line":252,"column":88}},"99":{"start":{"line":254,"column":32},"end":{"line":254,"column":93}},"100":{"start":{"line":254,"column":50},"end":{"line":254,"column":92}},"101":{"start":{"line":256,"column":16},"end":{"line":256,"column":92}},"102":{"start":{"line":258,"column":12},"end":{"line":258,"column":48}},"103":{"start":{"line":261,"column":12},"end":{"line":261,"column":24}}},"fnMap":{"0":{"name":"(anonymous_0)","decl":{"start":{"line":34,"column":18},"end":{"line":34,"column":19}},"loc":{"start":{"line":34,"column":43},"end":{"line":45,"column":1}},"line":34},"1":{"name":"(anonymous_1)","decl":{"start":{"line":35,"column":32},"end":{"line":35,"column":33}},"loc":{"start":{"line":35,"column":40},"end":{"line":43,"column":4}},"line":35},"2":{"name":"(anonymous_2)","decl":{"start":{"line":46,"column":18},"end":{"line":46,"column":19}},"loc":{"start":{"line":46,"column":43},"end":{"line":52,"column":1}},"line":46},"3":{"name":"(anonymous_3)","decl":{"start":{"line":48,"column":38},"end":{"line":48,"column":39}},"loc":{"start":{"line":48,"column":46},"end":{"line":48,"column":63}},"line":48},"4":{"name":"(anonymous_4)","decl":{"start":{"line":53,"column":16},"end":{"line":53,"column":17}},"loc":{"start":{"line":53,"column":46},"end":{"line":263,"column":1}},"line":53},"5":{"name":"(anonymous_5)","decl":{"start":{"line":70,"column":41},"end":{"line":70,"column":42}},"loc":{"start":{"line":70,"column":46},"end":{"line":70,"column":70}},"line":70},"6":{"name":"(anonymous_6)","decl":{"start":{"line":97,"column":22},"end":{"line":97,"column":23}},"loc":{"start":{"line":97,"column":25},"end":{"line":97,"column":61}},"line":97},"7":{"name":"(anonymous_7)","decl":{"start":{"line":97,"column":45},"end":{"line":97,"column":46}},"loc":{"start":{"line":97,"column":48},"end":{"line":97,"column":59}},"line":97},"8":{"name":"(anonymous_8)","decl":{"start":{"line":99,"column":20},"end":{"line":99,"column":21}},"loc":{"start":{"line":99,"column":25},"end":{"line":99,"column":46}},"line":99},"9":{"name":"(anonymous_9)","decl":{"start":{"line":101,"column":40},"end":{"line":101,"column":41}},"loc":{"start":{"line":101,"column":44},"end":{"line":101,"column":54}},"line":101},"10":{"name":"(anonymous_10)","decl":{"start":{"line":107,"column":49},"end":{"line":107,"column":50}},"loc":{"start":{"line":107,"column":56},"end":{"line":119,"column":21}},"line":107},"11":{"name":"(anonymous_11)","decl":{"start":{"line":139,"column":37},"end":{"line":139,"column":38}},"loc":{"start":{"line":139,"column":42},"end":{"line":139,"column":66}},"line":139},"12":{"name":"(anonymous_12)","decl":{"start":{"line":140,"column":65},"end":{"line":140,"column":66}},"loc":{"start":{"line":140,"column":72},"end":{"line":149,"column":25}},"line":140},"13":{"name":"(anonymous_13)","decl":{"start":{"line":164,"column":67},"end":{"line":164,"column":68}},"loc":{"start":{"line":164,"column":75},"end":{"line":164,"column":99}},"line":164},"14":{"name":"(anonymous_14)","decl":{"start":{"line":175,"column":23},"end":{"line":175,"column":24}},"loc":{"start":{"line":175,"column":26},"end":{"line":175,"column":62}},"line":175},"15":{"name":"(anonymous_15)","decl":{"start":{"line":175,"column":46},"end":{"line":175,"column":47}},"loc":{"start":{"line":175,"column":49},"end":{"line":175,"column":60}},"line":175},"16":{"name":"(anonymous_16)","decl":{"start":{"line":177,"column":20},"end":{"line":177,"column":21}},"loc":{"start":{"line":177,"column":25},"end":{"line":177,"column":46}},"line":177},"17":{"name":"(anonymous_17)","decl":{"start":{"line":179,"column":55},"end":{"line":179,"column":56}},"loc":{"start":{"line":179,"column":62},"end":{"line":188,"column":29}},"line":179},"18":{"name":"(anonymous_18)","decl":{"start":{"line":203,"column":55},"end":{"line":203,"column":56}},"loc":{"start":{"line":203,"column":62},"end":{"line":212,"column":9}},"line":203},"19":{"name":"(anonymous_19)","decl":{"start":{"line":243,"column":43},"end":{"line":243,"column":44}},"loc":{"start":{"line":243,"column":48},"end":{"line":243,"column":92}},"line":243},"20":{"name":"(anonymous_20)","decl":{"start":{"line":250,"column":48},"end":{"line":250,"column":49}},"loc":{"start":{"line":250,"column":52},"end":{"line":250,"column":96}},"line":250},"21":{"name":"(anonymous_21)","decl":{"start":{"line":254,"column":46},"end":{"line":254,"column":47}},"loc":{"start":{"line":254,"column":50},"end":{"line":254,"column":92}},"line":254}},"branchMap":{"0":{"loc":{"start":{"line":36,"column":7},"end":{"line":41,"column":8}},"type":"if","locations":[{"start":{"line":36,"column":7},"end":{"line":41,"column":8}},{"start":{"line":36,"column":7},"end":{"line":41,"column":8}}],"line":36},"1":{"loc":{"start":{"line":53,"column":17},"end":{"line":53,"column":35}},"type":"default-arg","locations":[{"start":{"line":53,"column":23},"end":{"line":53,"column":35}}],"line":53},"2":{"loc":{"start":{"line":55,"column":4},"end":{"line":262,"column":5}},"type":"switch","locations":[{"start":{"line":56,"column":8},"end":{"line":90,"column":13}},{"start":{"line":94,"column":8},"end":{"line":129,"column":17}},{"start":{"line":138,"column":8},"end":{"line":160,"column":21}},{"start":{"line":162,"column":8},"end":{"line":170,"column":29}},{"start":{"line":172,"column":8},"end":{"line":199,"column":25}},{"start":{"line":201,"column":8},"end":{"line":217,"column":9}},{"start":{"line":219,"column":8},"end":{"line":221,"column":60}},{"start":{"line":223,"column":8},"end":{"line":231,"column":38}},{"start":{"line":232,"column":8},"end":{"line":258,"column":48}},{"start":{"line":260,"column":8},"end":{"line":261,"column":24}}],"line":55},"3":{"loc":{"start":{"line":58,"column":12},"end":{"line":69,"column":13}},"type":"if","locations":[{"start":{"line":58,"column":12},"end":{"line":69,"column":13}},{"start":{"line":58,"column":12},"end":{"line":69,"column":13}}],"line":58},"4":{"loc":{"start":{"line":70,"column":16},"end":{"line":90,"column":13}},"type":"if","locations":[{"start":{"line":70,"column":16},"end":{"line":90,"column":13}},{"start":{"line":70,"column":16},"end":{"line":90,"column":13}}],"line":70},"5":{"loc":{"start":{"line":99,"column":8},"end":{"line":129,"column":17}},"type":"if","locations":[{"start":{"line":99,"column":8},"end":{"line":129,"column":17}},{"start":{"line":99,"column":8},"end":{"line":129,"column":17}}],"line":99},"6":{"loc":{"start":{"line":108,"column":24},"end":{"line":117,"column":25}},"type":"if","locations":[{"start":{"line":108,"column":24},"end":{"line":117,"column":25}},{"start":{"line":108,"column":24},"end":{"line":117,"column":25}}],"line":108},"7":{"loc":{"start":{"line":139,"column":12},"end":{"line":160,"column":21}},"type":"if","locations":[{"start":{"line":139,"column":12},"end":{"line":160,"column":21}},{"start":{"line":139,"column":12},"end":{"line":160,"column":21}}],"line":139},"8":{"loc":{"start":{"line":141,"column":28},"end":{"line":147,"column":29}},"type":"if","locations":[{"start":{"line":141,"column":28},"end":{"line":147,"column":29}},{"start":{"line":141,"column":28},"end":{"line":147,"column":29}}],"line":141},"9":{"loc":{"start":{"line":177,"column":8},"end":{"line":199,"column":25}},"type":"if","locations":[{"start":{"line":177,"column":8},"end":{"line":199,"column":25}},{"start":{"line":177,"column":8},"end":{"line":199,"column":25}}],"line":177},"10":{"loc":{"start":{"line":180,"column":36},"end":{"line":186,"column":37}},"type":"if","locations":[{"start":{"line":180,"column":36},"end":{"line":186,"column":37}},{"start":{"line":180,"column":36},"end":{"line":186,"column":37}}],"line":180},"11":{"loc":{"start":{"line":204,"column":16},"end":{"line":210,"column":17}},"type":"if","locations":[{"start":{"line":204,"column":16},"end":{"line":210,"column":17}},{"start":{"line":204,"column":16},"end":{"line":210,"column":17}}],"line":204},"12":{"loc":{"start":{"line":224,"column":36},"end":{"line":231,"column":38}},"type":"if","locations":[{"start":{"line":224,"column":36},"end":{"line":231,"column":38}},{"start":{"line":224,"column":36},"end":{"line":231,"column":38}}],"line":224},"13":{"loc":{"start":{"line":237,"column":12},"end":{"line":241,"column":13}},"type":"if","locations":[{"start":{"line":237,"column":12},"end":{"line":241,"column":13}},{"start":{"line":237,"column":12},"end":{"line":241,"column":13}}],"line":237},"14":{"loc":{"start":{"line":242,"column":12},"end":{"line":248,"column":13}},"type":"if","locations":[{"start":{"line":242,"column":12},"end":{"line":248,"column":13}},{"start":{"line":242,"column":12},"end":{"line":248,"column":13}}],"line":242},"15":{"loc":{"start":{"line":249,"column":12},"end":{"line":257,"column":13}},"type":"if","locations":[{"start":{"line":249,"column":12},"end":{"line":257,"column":13}},{"start":{"line":249,"column":12},"end":{"line":257,"column":13}}],"line":249}},"s":{"0":3,"1":3,"2":1,"3":2,"4":1,"5":1,"6":1,"7":3,"8":1,"9":1,"10":1,"11":1,"12":1,"13":1,"14":3,"15":9,"16":2,"17":0,"18":0,"19":2,"20":4,"21":1,"22":1,"23":1,"24":2,"25":2,"26":2,"27":4,"28":8,"29":2,"30":8,"31":1,"32":2,"33":1,"34":1,"35":1,"36":2,"37":1,"38":1,"39":1,"40":1,"41":1,"42":2,"43":1,"44":2,"45":1,"46":1,"47":1,"48":0,"49":1,"50":1,"51":2,"52":1,"53":1,"54":1,"55":1,"56":1,"57":1,"58":2,"59":4,"60":1,"61":4,"62":1,"63":1,"64":2,"65":1,"66":1,"67":1,"68":1,"69":1,"70":0,"71":1,"72":1,"73":2,"74":1,"75":1,"76":1,"77":1,"78":1,"79":0,"80":0,"81":0,"82":0,"83":0,"84":0,"85":0,"86":0,"87":0,"88":0,"89":0,"90":0,"91":0,"92":0,"93":0,"94":0,"95":0,"96":0,"97":0,"98":0,"99":0,"100":0,"101":0,"102":0,"103":1},"f":{"0":1,"1":2,"2":1,"3":1,"4":9,"5":4,"6":4,"7":8,"8":8,"9":2,"10":2,"11":2,"12":2,"13":2,"14":2,"15":4,"16":4,"17":2,"18":2,"19":0,"20":0,"21":0},"b":{"0":[1,1],"1":[1],"2":[2,2,1,1,1,1,0,0,0,1],"3":[0,2],"4":[1,1],"5":[1,1],"6":[1,1],"7":[1,0],"8":[1,1],"9":[1,0],"10":[1,1],"11":[1,1],"12":[0,0],"13":[0,0],"14":[0,0],"15":[0,0]},"_coverageSchema":"1a1c01bbd47fc00a2c39e90264f33305004495a9","hash":"c798bbf5aebda9311c2b7a6ede813d72424545de"}
,"D:\\WD\\git\\assigment\\src\\Store\\actions\\actionTypes.js": {"path":"D:\\WD\\git\\assigment\\src\\Store\\actions\\actionTypes.js","statementMap":{"0":{"start":{"line":1,"column":23},"end":{"line":1,"column":33}},"1":{"start":{"line":2,"column":29},"end":{"line":2,"column":45}},"2":{"start":{"line":3,"column":26},"end":{"line":3,"column":39}},"3":{"start":{"line":4,"column":23},"end":{"line":4,"column":33}},"4":{"start":{"line":5,"column":32},"end":{"line":5,"column":49}},"5":{"start":{"line":6,"column":28},"end":{"line":6,"column":41}},"6":{"start":{"line":7,"column":27},"end":{"line":7,"column":40}},"7":{"start":{"line":8,"column":25},"end":{"line":8,"column":36}},"8":{"start":{"line":9,"column":27},"end":{"line":9,"column":41}},"9":{"start":{"line":10,"column":25},"end":{"line":10,"column":37}}},"fnMap":{},"branchMap":{},"s":{"0":3,"1":3,"2":3,"3":3,"4":3,"5":3,"6":3,"7":3,"8":3,"9":3},"f":{},"b":{},"_coverageSchema":"1a1c01bbd47fc00a2c39e90264f33305004495a9","hash":"63dadc2011fe806fca7d4c584863d5d2ae214d83"}
,"D:\\WD\\git\\assigment\\src\\Store\\actions\\index.js": {"path":"D:\\WD\\git\\assigment\\src\\Store\\actions\\index.js","statementMap":{},"fnMap":{},"branchMap":{},"s":{},"f":{},"b":{},"_coverageSchema":"1a1c01bbd47fc00a2c39e90264f33305004495a9","hash":"c3fc6907c21c7d9e277cb354ca76832eb8e9c4e8"}
}
