TN:
SF:src\Component\TodoList.js
FN:18,(anonymous_0)
FN:26,(anonymous_1)
FN:29,(anonymous_2)
FN:34,(anonymous_3)
FN:38,(anonymous_4)
FN:43,(anonymous_5)
FN:49,(anonymous_6)
FN:51,(anonymous_7)
FN:67,(anonymous_8)
FN:74,(anonymous_9)
FN:81,(anonymous_10)
FN:101,(anonymous_11)
FN:102,(anonymous_12)
FN:110,(anonymous_13)
FN:125,(anonymous_14)
FN:127,(anonymous_15)
FN:128,(anonymous_16)
FNF:17
FNH:0
FNDA:0,(anonymous_0)
FNDA:0,(anonymous_1)
FNDA:0,(anonymous_2)
FNDA:0,(anonymous_3)
FNDA:0,(anonymous_4)
FNDA:0,(anonymous_5)
FNDA:0,(anonymous_6)
FNDA:0,(anonymous_7)
FNDA:0,(anonymous_8)
FNDA:0,(anonymous_9)
FNDA:0,(anonymous_10)
FNDA:0,(anonymous_11)
FNDA:0,(anonymous_12)
FNDA:0,(anonymous_13)
FNDA:0,(anonymous_14)
FNDA:0,(anonymous_15)
FNDA:0,(anonymous_16)
DA:18,0
DA:22,0
DA:23,0
DA:24,0
DA:26,0
DA:27,0
DA:29,0
DA:30,0
DA:31,0
DA:32,0
DA:34,0
DA:35,0
DA:36,0
DA:38,0
DA:39,0
DA:40,0
DA:43,0
DA:44,0
DA:49,0
DA:55,0
DA:65,0
DA:68,0
DA:75,0
DA:81,0
DA:101,0
DA:102,0
DA:111,0
DA:125,0
DA:126,0
DA:127,0
DA:128,0
LF:31
LH:0
BRDA:30,0,0,0
BRDA:30,0,1,0
BRDA:31,1,0,0
BRDA:31,1,1,0
BRDA:77,2,0,0
BRDA:77,2,1,0
BRF:6
BRH:0
end_of_record
TN:
SF:src\Component\TodoListItem.js
FN:17,(anonymous_0)
FN:23,(anonymous_1)
FN:27,(anonymous_2)
FN:33,(anonymous_3)
FN:39,(anonymous_4)
FN:41,(anonymous_5)
FN:53,(anonymous_6)
FN:59,(anonymous_7)
FN:66,(anonymous_8)
FN:67,(anonymous_9)
FN:83,(anonymous_10)
FN:85,(anonymous_11)
FN:86,(anonymous_12)
FNF:13
FNH:0
FNDA:0,(anonymous_0)
FNDA:0,(anonymous_1)
FNDA:0,(anonymous_2)
FNDA:0,(anonymous_3)
FNDA:0,(anonymous_4)
FNDA:0,(anonymous_5)
FNDA:0,(anonymous_6)
FNDA:0,(anonymous_7)
FNDA:0,(anonymous_8)
FNDA:0,(anonymous_9)
FNDA:0,(anonymous_10)
FNDA:0,(anonymous_11)
FNDA:0,(anonymous_12)
DA:17,0
DA:20,0
DA:21,0
DA:23,0
DA:24,0
DA:25,0
DA:27,0
DA:28,0
DA:29,0
DA:33,0
DA:34,0
DA:39,0
DA:45,0
DA:51,0
DA:54,0
DA:59,0
DA:66,0
DA:67,0
DA:83,0
DA:84,0
DA:85,0
DA:86,0
LF:22
LH:0
BRDA:58,0,0,0
BRDA:58,0,1,0
BRF:2
BRH:0
end_of_record
TN:
SF:src\Component\UI\AddButton\AddButton.js
FN:14,(anonymous_0)
FN:15,(anonymous_1)
FN:23,(anonymous_2)
FN:24,(anonymous_3)
FN:33,(anonymous_4)
FN:49,(anonymous_5)
FN:66,(anonymous_6)
FN:99,(anonymous_7)
FN:99,(anonymous_8)
FN:112,(anonymous_9)
FN:114,(anonymous_10)
FN:115,(anonymous_11)
FNF:12
FNH:0
FNDA:0,(anonymous_0)
FNDA:0,(anonymous_1)
FNDA:0,(anonymous_2)
FNDA:0,(anonymous_3)
FNDA:0,(anonymous_4)
FNDA:0,(anonymous_5)
FNDA:0,(anonymous_6)
FNDA:0,(anonymous_7)
FNDA:0,(anonymous_8)
FNDA:0,(anonymous_9)
FNDA:0,(anonymous_10)
FNDA:0,(anonymous_11)
DA:9,0
DA:14,0
DA:15,0
DA:16,0
DA:23,0
DA:24,0
DA:25,0
DA:33,0
DA:34,0
DA:36,0
DA:37,0
DA:38,0
DA:40,0
DA:41,0
DA:46,0
DA:49,0
DA:50,0
DA:52,0
DA:53,0
DA:54,0
DA:56,0
DA:57,0
DA:63,0
DA:67,0
DA:68,0
DA:69,0
DA:82,0
DA:90,0
DA:91,0
DA:99,0
DA:112,0
DA:113,0
DA:114,0
DA:115,0
LF:34
LH:0
BRDA:34,0,0,0
BRDA:34,0,1,0
BRDA:34,1,0,0
BRDA:34,1,1,0
BRDA:40,2,0,0
BRDA:40,2,1,0
BRDA:40,3,0,0
BRDA:40,3,1,0
BRDA:50,4,0,0
BRDA:50,4,1,0
BRDA:50,5,0,0
BRDA:50,5,1,0
BRDA:56,6,0,0
BRDA:56,6,1,0
BRDA:56,7,0,0
BRDA:56,7,1,0
BRDA:67,8,0,0
BRDA:67,8,1,0
BRDA:68,9,0,0
BRDA:68,9,1,0
BRDA:90,10,0,0
BRDA:90,10,1,0
BRDA:92,11,0,0
BRDA:92,11,1,0
BRDA:99,12,0,0
BRDA:99,12,1,0
BRDA:101,13,0,0
BRDA:101,13,1,0
BRF:28
BRH:0
end_of_record
TN:
SF:src\Store\Reducer\todoList.js
FN:34,(anonymous_0)
FN:35,(anonymous_1)
FN:46,(anonymous_2)
FN:48,(anonymous_3)
FN:53,(anonymous_4)
FN:70,(anonymous_5)
FN:97,(anonymous_6)
FN:97,(anonymous_7)
FN:99,(anonymous_8)
FN:101,(anonymous_9)
FN:107,(anonymous_10)
FN:139,(anonymous_11)
FN:140,(anonymous_12)
FN:164,(anonymous_13)
FN:175,(anonymous_14)
FN:175,(anonymous_15)
FN:177,(anonymous_16)
FN:179,(anonymous_17)
FN:203,(anonymous_18)
FN:243,(anonymous_19)
FN:250,(anonymous_20)
FN:254,(anonymous_21)
FNF:22
FNH:19
FNDA:1,(anonymous_0)
FNDA:2,(anonymous_1)
FNDA:1,(anonymous_2)
FNDA:1,(anonymous_3)
FNDA:9,(anonymous_4)
FNDA:4,(anonymous_5)
FNDA:4,(anonymous_6)
FNDA:8,(anonymous_7)
FNDA:8,(anonymous_8)
FNDA:2,(anonymous_9)
FNDA:2,(anonymous_10)
FNDA:2,(anonymous_11)
FNDA:2,(anonymous_12)
FNDA:2,(anonymous_13)
FNDA:2,(anonymous_14)
FNDA:4,(anonymous_15)
FNDA:4,(anonymous_16)
FNDA:2,(anonymous_17)
FNDA:2,(anonymous_18)
FNDA:0,(anonymous_19)
FNDA:0,(anonymous_20)
FNDA:0,(anonymous_21)
DA:3,3
DA:34,3
DA:35,1
DA:36,2
DA:37,1
DA:42,1
DA:44,1
DA:46,3
DA:47,1
DA:48,1
DA:49,1
DA:50,1
DA:51,1
DA:53,3
DA:55,9
DA:58,2
DA:59,0
DA:66,0
DA:70,4
DA:71,1
DA:78,1
DA:86,1
DA:95,2
DA:96,2
DA:97,8
DA:99,8
DA:101,2
DA:102,1
DA:103,1
DA:107,1
DA:108,2
DA:109,1
DA:118,1
DA:120,1
DA:125,1
DA:139,2
DA:140,1
DA:141,2
DA:142,1
DA:148,1
DA:150,1
DA:156,0
DA:163,1
DA:164,2
DA:165,1
DA:166,1
DA:167,1
DA:173,1
DA:174,1
DA:175,4
DA:177,4
DA:178,1
DA:179,1
DA:180,2
DA:181,1
DA:182,1
DA:183,1
DA:187,1
DA:189,1
DA:195,0
DA:202,1
DA:203,1
DA:204,2
DA:205,1
DA:206,1
DA:207,1
DA:211,1
DA:214,1
DA:220,0
DA:224,0
DA:225,0
DA:230,0
DA:236,0
DA:237,0
DA:238,0
DA:239,0
DA:240,0
DA:242,0
DA:243,0
DA:244,0
DA:245,0
DA:246,0
DA:247,0
DA:249,0
DA:250,0
DA:252,0
DA:254,0
DA:256,0
DA:258,0
DA:261,1
LF:90
LH:65
BRDA:36,0,0,1
BRDA:36,0,1,1
BRDA:53,1,0,1
BRDA:55,2,0,2
BRDA:55,2,1,2
BRDA:55,2,2,1
BRDA:55,2,3,1
BRDA:55,2,4,1
BRDA:55,2,5,1
BRDA:55,2,6,0
BRDA:55,2,7,0
BRDA:55,2,8,0
BRDA:55,2,9,1
BRDA:58,3,0,0
BRDA:58,3,1,2
BRDA:70,4,0,1
BRDA:70,4,1,1
BRDA:99,5,0,1
BRDA:99,5,1,1
BRDA:108,6,0,1
BRDA:108,6,1,1
BRDA:139,7,0,1
BRDA:139,7,1,0
BRDA:141,8,0,1
BRDA:141,8,1,1
BRDA:177,9,0,1
BRDA:177,9,1,0
BRDA:180,10,0,1
BRDA:180,10,1,1
BRDA:204,11,0,1
BRDA:204,11,1,1
BRDA:224,12,0,0
BRDA:224,12,1,0
BRDA:237,13,0,0
BRDA:237,13,1,0
BRDA:242,14,0,0
BRDA:242,14,1,0
BRDA:249,15,0,0
BRDA:249,15,1,0
BRF:39
BRH:25
end_of_record
TN:
SF:src\Store\actions\actionTypes.js
FNF:0
FNH:0
DA:1,3
DA:2,3
DA:3,3
DA:4,3
DA:5,3
DA:6,3
DA:7,3
DA:8,3
DA:9,3
DA:10,3
LF:10
LH:10
BRF:0
BRH:0
end_of_record
TN:
SF:src\Store\actions\index.js
FNF:0
FNH:0
LF:0
LH:0
BRF:0
BRH:0
end_of_record
